<?xml version="1.0" encoding="UTF-8"?>
<!-- Generated by org.testng.reporters.JUnitReportReporter -->
<testsuite hostname="INHMT1E-DL1092" failures="0" tests="3" name="com.cyient.test.SignupTestCase" time="62.966" errors="0" timestamp="2021-06-12T20:11:26 IST" skipped="0">
  <testcase classname="com.cyient.test.SignupTestCase" name="signupTest" time="19.640"/>
  <system-out/>
  <testcase classname="com.cyient.test.SignupTestCase" name="signupTest" time="20.964"/>
  <system-out/>
  <testcase classname="com.cyient.test.SignupTestCase" name="signupTest" time="22.362"/>
  <system-out/>
</testsuite> <!-- com.cyient.test.SignupTestCase -->
