<?xml version="1.0" encoding="UTF-8"?>
<!-- Generated by org.testng.reporters.JUnitReportReporter -->
<testsuite hostname="INHMT1E-DL1092" failures="0" tests="1" name="com.cyient.test.AddToCartTestCase" time="38.301" errors="0" timestamp="2021-06-12T20:02:52 IST" skipped="0">
  <testcase classname="com.cyient.test.AddToCartTestCase" name="AddToCartTest" time="38.301"/>
  <system-out/>
</testsuite> <!-- com.cyient.test.AddToCartTestCase -->
