<?xml version="1.0" encoding="UTF-8"?>
<!-- Generated by org.testng.reporters.JUnitReportReporter -->
<testsuite hostname="INHMT1E-DL1092" failures="0" tests="1" name="com.cyient.test.SigninTest" time="9.899" errors="0" timestamp="2021-06-12T20:08:11 IST" skipped="0">
  <testcase classname="com.cyient.test.SigninTest" name="signinEmptyFieldTest" time="9.899"/>
  <system-out/>
</testsuite> <!-- com.cyient.test.SigninTest -->
