<?xml version="1.0" encoding="UTF-8"?>
<!-- Generated by org.testng.reporters.JUnitReportReporter -->
<testsuite hostname="INHMT1E-DL1092" failures="0" tests="1" name="com.cyient.test.SignupTest" time="0.000" errors="0" timestamp="2021-06-12T14:43:55 IST" skipped="1">
  <testcase classname="com.cyient.test.SignupTest" name="signupTest" time="0.000">
    <skipped/>
  </testcase> <!-- signupTest -->
  <system-out/>
</testsuite> <!-- com.cyient.test.SignupTest -->
